<?xml version="1.0" encoding="UTF-8"?>
<!-- Generated by org.testng.reporters.JUnitReportReporter -->
<testsuite hostname="Taras-PC" failures="0" tests="1" name="com.epam.lab.gmail.tests.TestGmail" time="28.880" errors="0" timestamp="05 черв. 2018 15:20:02 GMT" skipped="0">
  <testcase classname="com.epam.lab.gmail.tests.TestGmail" name="createAndSendMessage" time="28.880"/>
</testsuite> <!-- com.epam.lab.gmail.tests.TestGmail -->
